Arguments: 
  /usr/bin/node /usr/share/yarn/bin/yarn.js init

PATH: 
  /home/drzin/.vscode-server/bin/c7d83e57cd18f18026a8162d042843bda1bcf21f/bin:/usr/local/sbin:/usr/local/bin:/usr/sbin:/usr/bin:/sbin:/bin:/usr/games:/usr/local/games:/mnt/c/Python37/Scripts/:/mnt/c/Python37/:/mnt/c/WINDOWS/system32:/mnt/c/WINDOWS:/mnt/c/WINDOWS/System32/Wbem:/mnt/c/WINDOWS/System32/WindowsPowerShell/v1.0/:/mnt/c/WINDOWS/System32/OpenSSH/:/mnt/c/ProgramData/chocolatey/bin:/mnt/c/Program Files/Git/cmd:/mnt/c/Program Files/Microsoft VS Code/bin:/mnt/c/Program Files (x86)/Yarn/bin/:/mnt/c/Program Files/nodejs/:/mnt/c/Program Files/Git LFS:/mnt/c/Program Files/LLVM/bin:/mnt/c/Go/bin:/mnt/c/Users/Dr_Zin/AppData/Local/Microsoft/WindowsApps:/mnt/c/tools/Cmder:/mnt/c/Users/Dr_Zin/AppData/Local/Yarn/bin:/mnt/c/Users/Dr_Zin/AppData/Roaming/npm:/mnt/c/ProgramData/chocolatey/lib/mingw/tools/install/mingw64/bin:/mnt/c/Users/Dr_Zin/AppData/Local/atom/bin:/mnt/c/Users/Dr_Zin/go/bin:/mnt/c/Users/Dr_Zin/AppData/Local/Microsoft/WindowsApps:/snap/bin

Yarn version: 
  1.16.0

Node version: 
  10.16.0

Platform: 
  linux x64

Trace: 
  Error: canceled
      at Interface.<anonymous> (/usr/share/yarn/lib/cli.js:125850:13)
      at Interface.emit (events.js:198:13)
      at Interface._ttyWrite (readline.js:801:16)
      at ReadStream.onkeypress (readline.js:184:10)
      at ReadStream.emit (events.js:198:13)
      at emitKeys (internal/readline.js:424:14)
      at emitKeys.next (<anonymous>)
      at ReadStream.onData (readline.js:1075:36)
      at ReadStream.emit (events.js:198:13)
      at addChunk (_stream_readable.js:288:12)

npm manifest: 
  No manifest

yarn manifest: 
  No manifest

Lockfile: 
  No lockfile
